[debug] [2024-04-05T02:56:13.178Z] ----------------------------------------------------------------------
[debug] [2024-04-05T02:56:13.180Z] Command:       /usr/local/bin/firebase /Users/young/.cache/firebase/tools/lib/node_modules/firebase-tools/lib/bin/firebase deploy
[debug] [2024-04-05T02:56:13.180Z] CLI Version:   12.2.1
[debug] [2024-04-05T02:56:13.181Z] Platform:      darwin
[debug] [2024-04-05T02:56:13.181Z] Node Version:  v16.16.0
[debug] [2024-04-05T02:56:13.184Z] Time:          Fri Apr 05 2024 11:56:13 GMT+0900 (Korean Standard Time)
[debug] [2024-04-05T02:56:13.184Z] ----------------------------------------------------------------------
[debug] 
[debug] [2024-04-05T02:56:13.276Z] > command requires scopes: ["email","openid","https://www.googleapis.com/auth/cloudplatformprojects.readonly","https://www.googleapis.com/auth/firebase","https://www.googleapis.com/auth/cloud-platform"]
[debug] [2024-04-05T02:56:13.277Z] > authorizing via signed-in user (surveasy2019@yonsei.ac.kr)
[debug] [2024-04-05T02:56:13.278Z] [iam] checking project surveasy-workspace for permissions ["cloudfunctions.functions.create","cloudfunctions.functions.delete","cloudfunctions.functions.get","cloudfunctions.functions.list","cloudfunctions.functions.update","cloudfunctions.operations.get","datastore.indexes.create","datastore.indexes.delete","datastore.indexes.list","datastore.indexes.update","firebase.projects.get","firebasehosting.sites.update","firebaserules.releases.create","firebaserules.releases.update","firebaserules.rulesets.create"]
[debug] [2024-04-05T02:56:13.280Z] > refreshing access token with scopes: []
[debug] [2024-04-05T02:56:13.282Z] >>> [apiv2][query] POST https://www.googleapis.com/oauth2/v3/token [none]
[debug] [2024-04-05T02:56:13.283Z] >>> [apiv2][body] POST https://www.googleapis.com/oauth2/v3/token [omitted]
[debug] [2024-04-05T02:56:14.265Z] <<< [apiv2][status] POST https://www.googleapis.com/oauth2/v3/token 400
[debug] [2024-04-05T02:56:14.268Z] <<< [apiv2][body] POST https://www.googleapis.com/oauth2/v3/token [omitted]
[debug] [2024-04-05T02:56:14.269Z] >>> [apiv2][query] POST https://cloudresourcemanager.googleapis.com/v1/projects/surveasy-workspace:testIamPermissions [none]
[debug] [2024-04-05T02:56:14.269Z] >>> [apiv2][(partial)header] POST https://cloudresourcemanager.googleapis.com/v1/projects/surveasy-workspace:testIamPermissions x-goog-quota-user=projects/surveasy-workspace
[debug] [2024-04-05T02:56:14.269Z] >>> [apiv2][body] POST https://cloudresourcemanager.googleapis.com/v1/projects/surveasy-workspace:testIamPermissions {"permissions":["cloudfunctions.functions.create","cloudfunctions.functions.delete","cloudfunctions.functions.get","cloudfunctions.functions.list","cloudfunctions.functions.update","cloudfunctions.operations.get","datastore.indexes.create","datastore.indexes.delete","datastore.indexes.list","datastore.indexes.update","firebase.projects.get","firebasehosting.sites.update","firebaserules.releases.create","firebaserules.releases.update","firebaserules.rulesets.create"]}
[debug] [2024-04-05T02:56:15.177Z] <<< [apiv2][status] POST https://cloudresourcemanager.googleapis.com/v1/projects/surveasy-workspace:testIamPermissions 401
[debug] [2024-04-05T02:56:15.179Z] <<< [apiv2][body] POST https://cloudresourcemanager.googleapis.com/v1/projects/surveasy-workspace:testIamPermissions {"error":{"code":401,"message":"Request had invalid authentication credentials. Expected OAuth 2 access token, login cookie or other valid authentication credential. See https://developers.google.com/identity/sign-in/web/devconsole-project.","status":"UNAUTHENTICATED","details":[{"@type":"type.googleapis.com/google.rpc.ErrorInfo","reason":"ACCESS_TOKEN_TYPE_UNSUPPORTED","metadata":{"method":"google.cloudresourcemanager.v1.Projects.TestIamPermissions","service":"cloudresourcemanager.googleapis.com"}}]}}
[debug] [2024-04-05T02:56:15.181Z] [iam] error while checking permissions, command may fail: FirebaseError: HTTP Error: 401, Request had invalid authentication credentials. Expected OAuth 2 access token, login cookie or other valid authentication credential. See https://developers.google.com/identity/sign-in/web/devconsole-project.
[debug] [2024-04-05T02:56:15.182Z] > refreshing access token with scopes: []
[debug] [2024-04-05T02:56:15.183Z] >>> [apiv2][query] POST https://www.googleapis.com/oauth2/v3/token [none]
[debug] [2024-04-05T02:56:15.183Z] >>> [apiv2][body] POST https://www.googleapis.com/oauth2/v3/token [omitted]
[debug] [2024-04-05T02:56:15.554Z] <<< [apiv2][status] POST https://www.googleapis.com/oauth2/v3/token 400
[debug] [2024-04-05T02:56:15.556Z] <<< [apiv2][body] POST https://www.googleapis.com/oauth2/v3/token [omitted]
[debug] [2024-04-05T02:56:15.557Z] >>> [apiv2][query] POST https://iam.googleapis.com/v1/projects/surveasy-workspace/serviceAccounts/surveasy-workspace@appspot.gserviceaccount.com:testIamPermissions [none]
[debug] [2024-04-05T02:56:15.558Z] >>> [apiv2][body] POST https://iam.googleapis.com/v1/projects/surveasy-workspace/serviceAccounts/surveasy-workspace@appspot.gserviceaccount.com:testIamPermissions {"permissions":["iam.serviceAccounts.actAs"]}
[debug] [2024-04-05T02:56:16.378Z] <<< [apiv2][status] POST https://iam.googleapis.com/v1/projects/surveasy-workspace/serviceAccounts/surveasy-workspace@appspot.gserviceaccount.com:testIamPermissions 401
[debug] [2024-04-05T02:56:16.379Z] <<< [apiv2][body] POST https://iam.googleapis.com/v1/projects/surveasy-workspace/serviceAccounts/surveasy-workspace@appspot.gserviceaccount.com:testIamPermissions {"error":{"code":401,"message":"Request had invalid authentication credentials. Expected OAuth 2 access token, login cookie or other valid authentication credential. See https://developers.google.com/identity/sign-in/web/devconsole-project.","status":"UNAUTHENTICATED","details":[{"@type":"type.googleapis.com/google.rpc.ErrorInfo","reason":"ACCESS_TOKEN_TYPE_UNSUPPORTED","metadata":{"service":"iam.googleapis.com","method":"google.iam.admin.v1.IAM.TestIamPermissions"}}]}}
[debug] [2024-04-05T02:56:16.379Z] [functions] service account IAM check errored, deploy may fail: HTTP Error: 401, Request had invalid authentication credentials. Expected OAuth 2 access token, login cookie or other valid authentication credential. See https://developers.google.com/identity/sign-in/web/devconsole-project. {"name":"FirebaseError","children":[],"context":{"body":{"error":{"code":401,"message":"Request had invalid authentication credentials. Expected OAuth 2 access token, login cookie or other valid authentication credential. See https://developers.google.com/identity/sign-in/web/devconsole-project.","status":"UNAUTHENTICATED","details":[{"@type":"type.googleapis.com/google.rpc.ErrorInfo","reason":"ACCESS_TOKEN_TYPE_UNSUPPORTED","metadata":{"service":"iam.googleapis.com","method":"google.iam.admin.v1.IAM.TestIamPermissions"}}]}},"response":{"statusCode":401}},"exit":1,"message":"HTTP Error: 401, Request had invalid authentication credentials. Expected OAuth 2 access token, login cookie or other valid authentication credential. See https://developers.google.com/identity/sign-in/web/devconsole-project.","status":401}
[debug] [2024-04-05T02:56:16.380Z] > refreshing access token with scopes: []
[debug] [2024-04-05T02:56:16.381Z] >>> [apiv2][query] POST https://www.googleapis.com/oauth2/v3/token [none]
[debug] [2024-04-05T02:56:16.381Z] >>> [apiv2][body] POST https://www.googleapis.com/oauth2/v3/token [omitted]
[debug] [2024-04-05T02:56:16.653Z] <<< [apiv2][status] POST https://www.googleapis.com/oauth2/v3/token 400
[debug] [2024-04-05T02:56:16.653Z] <<< [apiv2][body] POST https://www.googleapis.com/oauth2/v3/token [omitted]
[debug] [2024-04-05T02:56:16.655Z] >>> [apiv2][query] GET https://firebase.googleapis.com/v1beta1/projects/surveasy-workspace [none]
[debug] [2024-04-05T02:56:17.022Z] <<< [apiv2][status] GET https://firebase.googleapis.com/v1beta1/projects/surveasy-workspace 401
[debug] [2024-04-05T02:56:17.022Z] <<< [apiv2][body] GET https://firebase.googleapis.com/v1beta1/projects/surveasy-workspace {"error":{"code":401,"message":"Request had invalid authentication credentials. Expected OAuth 2 access token, login cookie or other valid authentication credential. See https://developers.google.com/identity/sign-in/web/devconsole-project.","status":"UNAUTHENTICATED"}}
[debug] [2024-04-05T02:56:17.022Z] HTTP Error: 401, Request had invalid authentication credentials. Expected OAuth 2 access token, login cookie or other valid authentication credential. See https://developers.google.com/identity/sign-in/web/devconsole-project.
[debug] [2024-04-05T02:56:17.026Z] FirebaseError: HTTP Error: 401, Request had invalid authentication credentials. Expected OAuth 2 access token, login cookie or other valid authentication credential. See https://developers.google.com/identity/sign-in/web/devconsole-project.
    at responseToError (/Users/young/.cache/firebase/tools/lib/node_modules/firebase-tools/lib/responseToError.js:49:12)
    at RetryOperation._fn (/Users/young/.cache/firebase/tools/lib/node_modules/firebase-tools/lib/apiv2.js:288:77)
    at processTicksAndRejections (node:internal/process/task_queues:96:5)
[error] 
[error] Error: Failed to get Firebase project surveasy-workspace. Please make sure the project exists and your account has permission to access it.
